0 info it worked if it ends with ok
1 verbose cli [ '/usr/local/bin/node',
1 verbose cli   '/usr/local/bin/npm',
1 verbose cli   'install',
1 verbose cli   '-g',
1 verbose cli   'ios-deploy' ]
2 info using npm@3.6.0
3 info using node@v5.7.0
4 silly loadCurrentTree Starting
5 silly install loadCurrentTree
6 silly install readGlobalPackageData
7 silly fetchPackageMetaData ios-deploy
8 silly fetchNamedPackageData ios-deploy
9 silly mapToRegistry name ios-deploy
10 silly mapToRegistry using default registry
11 silly mapToRegistry registry https://registry.npmjs.org/
12 silly mapToRegistry uri https://registry.npmjs.org/ios-deploy
13 verbose request uri https://registry.npmjs.org/ios-deploy
14 verbose request no auth needed
15 info attempt registry request try #1 at 10:36:34
16 verbose request id 44660f731528b9bc
17 verbose etag "SW3JR55VBSNFBD4VQIGNZ4EM"
18 http request GET https://registry.npmjs.org/ios-deploy
19 http 304 https://registry.npmjs.org/ios-deploy
20 verbose headers { date: 'Fri, 16 Sep 2016 13:35:17 GMT',
20 verbose headers   via: '1.1 varnish',
20 verbose headers   'cache-control': 'max-age=300',
20 verbose headers   etag: '"SW3JR55VBSNFBD4VQIGNZ4EM"',
20 verbose headers   age: '19',
20 verbose headers   connection: 'keep-alive',
20 verbose headers   'x-served-by': 'cache-gru7124-GRU',
20 verbose headers   'x-cache': 'HIT',
20 verbose headers   'x-cache-hits': '1',
20 verbose headers   'x-timer': 'S1474032917.206102,VS0,VE0',
20 verbose headers   vary: 'Accept-Encoding' }
21 silly get cb [ 304,
21 silly get   { date: 'Fri, 16 Sep 2016 13:35:17 GMT',
21 silly get     via: '1.1 varnish',
21 silly get     'cache-control': 'max-age=300',
21 silly get     etag: '"SW3JR55VBSNFBD4VQIGNZ4EM"',
21 silly get     age: '19',
21 silly get     connection: 'keep-alive',
21 silly get     'x-served-by': 'cache-gru7124-GRU',
21 silly get     'x-cache': 'HIT',
21 silly get     'x-cache-hits': '1',
21 silly get     'x-timer': 'S1474032917.206102,VS0,VE0',
21 silly get     vary: 'Accept-Encoding' } ]
22 verbose etag https://registry.npmjs.org/ios-deploy from cache
23 verbose get saving ios-deploy to /Users/mobister/.npm/registry.npmjs.org/ios-deploy/.cache.json
24 verbose correctMkdir /Users/mobister/.npm correctMkdir not in flight; initializing
25 silly install normalizeTree
26 silly loadCurrentTree Finishing
27 silly loadIdealTree Starting
28 silly install loadIdealTree
29 silly cloneCurrentTree Starting
30 silly install cloneCurrentTreeToIdealTree
31 silly cloneCurrentTree Finishing
32 silly loadShrinkwrap Starting
33 silly install loadShrinkwrap
34 silly loadShrinkwrap Finishing
35 silly loadAllDepsIntoIdealTree Starting
36 silly install loadAllDepsIntoIdealTree
37 silly resolveWithNewModule ios-deploy@1.9.0 checking installable status
38 silly cache add args [ 'ios-deploy', null ]
39 verbose cache add spec ios-deploy
40 silly cache add parsed spec Result {
40 silly cache add   raw: 'ios-deploy',
40 silly cache add   scope: null,
40 silly cache add   name: 'ios-deploy',
40 silly cache add   rawSpec: '',
40 silly cache add   spec: 'latest',
40 silly cache add   type: 'tag' }
41 silly addNamed ios-deploy@latest
42 verbose addNamed "latest" is being treated as a dist-tag for ios-deploy
43 info addNameTag [ 'ios-deploy', 'latest' ]
44 silly mapToRegistry name ios-deploy
45 silly mapToRegistry using default registry
46 silly mapToRegistry registry https://registry.npmjs.org/
47 silly mapToRegistry uri https://registry.npmjs.org/ios-deploy
48 verbose addNameTag registry:https://registry.npmjs.org/ios-deploy not in flight; fetching
49 verbose get https://registry.npmjs.org/ios-deploy not expired, no request
50 silly addNameTag next cb for ios-deploy with tag latest
51 silly addNamed ios-deploy@1.9.0
52 verbose addNamed "1.9.0" is a plain semver version for ios-deploy
53 silly cache afterAdd ios-deploy@1.9.0
54 verbose afterAdd /Users/mobister/.npm/ios-deploy/1.9.0/package/package.json not in flight; writing
55 verbose correctMkdir /Users/mobister/.npm correctMkdir not in flight; initializing
56 verbose afterAdd /Users/mobister/.npm/ios-deploy/1.9.0/package/package.json written
57 silly loadAllDepsIntoIdealTree Finishing
58 silly idealTree:prePrune lib
58 silly idealTree:prePrune └── ios-deploy@1.9.0
59 silly loadIdealTree Finishing
60 silly currentTree lib
61 silly idealTree lib
61 silly idealTree └── ios-deploy@1.9.0
62 silly generateActionsToTake Starting
63 silly install generateActionsToTake
64 silly generateActionsToTake Finishing
65 silly diffTrees action count 1
66 silly diffTrees add ios-deploy@1.9.0
67 silly decomposeActions action count 8
68 silly decomposeActions fetch ios-deploy@1.9.0
69 silly decomposeActions extract ios-deploy@1.9.0
70 silly decomposeActions test ios-deploy@1.9.0
71 silly decomposeActions preinstall ios-deploy@1.9.0
72 silly decomposeActions build ios-deploy@1.9.0
73 silly decomposeActions install ios-deploy@1.9.0
74 silly decomposeActions postinstall ios-deploy@1.9.0
75 silly decomposeActions finalize ios-deploy@1.9.0
76 silly executeActions Starting
77 silly install executeActions
78 silly doSerial global-install 0
79 silly doParallel fetch 1
80 verbose correctMkdir /Users/mobister/.npm/_locks correctMkdir not in flight; initializing
81 verbose lock using /Users/mobister/.npm/_locks/staging-3a08f0df5026584d.lock for /usr/local/lib/node_modules/.staging
82 silly doParallel extract 1
83 silly extract ios-deploy@1.9.0
84 verbose unbuild lib/node_modules/.staging/ios-deploy-298c9491
85 silly gentlyRm /usr/local/lib/node_modules/.staging/ios-deploy-298c9491 is being purged from base /usr/local
86 verbose gentlyRm don't care about contents; nuking /usr/local/lib/node_modules/.staging/ios-deploy-298c9491
87 verbose tar unpack /Users/mobister/.npm/ios-deploy/1.9.0/package.tgz
88 verbose tar unpacking to /usr/local/lib/node_modules/.staging/ios-deploy-298c9491
89 silly gentlyRm /usr/local/lib/node_modules/.staging/ios-deploy-298c9491 is being purged
90 verbose gentlyRm don't care about contents; nuking /usr/local/lib/node_modules/.staging/ios-deploy-298c9491
91 silly gunzTarPerm modes [ '755', '644' ]
92 silly gunzTarPerm extractEntry package.json
93 silly gunzTarPerm extractEntry .npmignore
94 silly gunzTarPerm extractEntry README.md
95 silly gunzTarPerm extractEntry LICENSE
96 silly gunzTarPerm extractEntry demo/.npmignore
97 silly gunzTarPerm extractEntry demo/Entitlements.plist
98 silly gunzTarPerm extractEntry demo/Info.plist
99 silly gunzTarPerm extractEntry demo/Makefile
100 silly gunzTarPerm extractEntry demo/ResourceRules.plist
101 silly gunzTarPerm extractEntry demo/demo.c
102 silly gunzTarPerm extractEntry ios-deploy.xcodeproj/project.pbxproj
103 silly gunzTarPerm extractEntry ios-deploy.xcodeproj/project.xcworkspace/contents.xcworkspacedata
104 silly gunzTarPerm extractEntry ios-deploy.xcodeproj/project.xcworkspace/xcuserdata/shazron.xcuserdatad/UserInterfaceState.xcuserstate
105 silly gunzTarPerm extractEntry ios-deploy.xcodeproj/xcshareddata/xcschemes/ios-deploy-tests.xcscheme
106 silly gunzTarPerm extractEntry ios-deploy.xcodeproj/xcuserdata/shazron.xcuserdatad/xcschemes/ios-deploy-lib.xcscheme
107 silly gunzTarPerm extractEntry ios-deploy.xcodeproj/xcuserdata/shazron.xcuserdatad/xcschemes/ios-deploy.xcscheme
108 silly gunzTarPerm extractEntry ios-deploy.xcodeproj/xcuserdata/shazron.xcuserdatad/xcschemes/xcschememanagement.plist
109 silly gunzTarPerm extractEntry CONTRIBUTING.md
110 silly gunzTarPerm extractEntry src/ios-deploy/MobileDevice.h
111 silly gunzTarPerm extractEntry src/ios-deploy/errors.h
112 silly gunzTarPerm extractEntry src/ios-deploy/ios-deploy.m
113 silly gunzTarPerm extractEntry src/ios-deploy/version.h
114 silly gunzTarPerm extractEntry src/ios-deploy-lib/libios_deploy.h
115 silly gunzTarPerm extractEntry src/ios-deploy-lib/libios_deploy.m
116 silly gunzTarPerm extractEntry src/ios-deploy-tests/Info.plist
117 silly gunzTarPerm extractEntry src/ios-deploy-tests/ios_deploy_tests.m
118 silly gunzTarPerm extractEntry src/scripts/check_reqs.js
119 silly gunzTarPerm extractEntry src/scripts/lldb.py
120 silly gentlyRm /usr/local/lib/node_modules/.staging/ios-deploy-298c9491/node_modules is being purged
121 verbose gentlyRm don't care about contents; nuking /usr/local/lib/node_modules/.staging/ios-deploy-298c9491/node_modules
122 silly doParallel preinstall 1
123 silly preinstall ios-deploy@1.9.0 /usr/local/lib/node_modules/.staging/ios-deploy-298c9491
124 info lifecycle ios-deploy@1.9.0~preinstall: ios-deploy@1.9.0
125 warn lifecycle ios-deploy@1.9.0~preinstall: cannot run in wd %s %s (wd=%s) ios-deploy@1.9.0 ./src/scripts/check_reqs.js && xcodebuild /usr/local/lib/node_modules/.staging/ios-deploy-298c9491
126 silly doReverseSerial remove 0
127 silly doSerial move 0
128 silly doSerial finalize 1
129 silly finalize /usr/local/lib/node_modules/ios-deploy
130 silly doSerial build 1
131 silly build ios-deploy@1.9.0
132 info linkStuff ios-deploy@1.9.0
133 silly linkStuff ios-deploy@1.9.0 has /usr/local/lib/node_modules as its parent node_modules
134 silly linkStuff ios-deploy@1.9.0 is part of a global install
135 silly linkStuff ios-deploy@1.9.0 is installed into a global node_modules
136 silly linkStuff ios-deploy@1.9.0 is installed into the top-level global node_modules
137 verbose linkBins ios-deploy@1.9.0
138 verbose link bins [ { 'ios-deploy': './build/Release/ios-deploy' },
138 verbose link bins   '/usr/local/bin',
138 verbose link bins   true ]
139 verbose linkMans ios-deploy@1.9.0
140 verbose unlock done using /Users/mobister/.npm/_locks/staging-3a08f0df5026584d.lock for /usr/local/lib/node_modules/.staging
141 silly rollbackFailedOptional Starting
142 silly rollbackFailedOptional Finishing
143 silly runTopLevelLifecycles Starting
144 silly runTopLevelLifecycles Finishing
145 silly install printInstalled
146 verbose stack Error: ENOENT: no such file or directory, chmod '/usr/local/lib/node_modules/ios-deploy/build/Release/ios-deploy'
146 verbose stack     at Error (native)
147 verbose cwd /Users/mobister/www/code-delivery
148 error Darwin 14.5.0
149 error argv "/usr/local/bin/node" "/usr/local/bin/npm" "install" "-g" "ios-deploy"
150 error node v5.7.0
151 error npm  v3.6.0
152 error path /usr/local/lib/node_modules/ios-deploy/build/Release/ios-deploy
153 error code ENOENT
154 error errno -2
155 error syscall chmod
156 error enoent ENOENT: no such file or directory, chmod '/usr/local/lib/node_modules/ios-deploy/build/Release/ios-deploy'
157 error enoent ENOENT: no such file or directory, chmod '/usr/local/lib/node_modules/ios-deploy/build/Release/ios-deploy'
157 error enoent This is most likely not a problem with npm itself
157 error enoent and is related to npm not being able to find a file.
158 verbose exit [ -2, true ]
